<?xml version="1.0" encoding="UTF-8"?>
<!-- Generated by org.testng.reporters.JUnitReportReporter -->
<testsuite hostname="IN-PG02P4WE" failures="0" tests="1" name="TestRunner" time="27.501" errors="0" timestamp="2023-05-05T16:17:59 IST" skipped="0">
  <testcase classname="TestRunner" name="runScenario" time="27.501"/>
  <system-out/>
</testsuite> <!-- TestRunner -->
